# JRE version: OpenJDK Runtime Environment Microsoft-9388408 (17.0.11+9) (build 17.0.11+9-LTS)
# Java VM: OpenJDK 64-Bit Server VM Microsoft-9388408 (17.0.11+9-LTS, mixed mode, sharing, tiered, compressed oops, compressed class ptrs, g1 gc, windows-amd64)
GC Precious Log:
 CPUs: 8 total, 8 available
 Memory: 16149M
 Large Page Support: Disabled
 NUMA Support: Disabled
 Compressed Oops: Enabled (Zero based)
 Heap Region Size: 2M
 Heap Min Capacity: 8M
 Heap Initial Capacity: 254M
 Heap Max Capacity: 4038M
 Pre-touch: Disabled
 Parallel Workers: 8
 Concurrent Workers: 2
 Concurrent Refinement Workers: 8
 Periodic GC: Disabled
Heap:
 garbage-first heap   total 102400K, used 74225K [0x0000000703a00000, 0x0000000800000000)
  region size 2048K, 28 young (57344K), 4 survivors (8192K)
 Metaspace       used 58310K, committed 58752K, reserved 1114112K
  class space    used 7302K, committed 7552K, reserved 1048576K
GC Heap History (20 events):
Event: 1.326 GC heap before
{Heap before GC invocations=1 (full 0):
 garbage-first heap   total 260096K, used 24232K [0x0000000703a00000, 0x0000000800000000)
  region size 2048K, 9 young (18432K), 2 survivors (4096K)
 Metaspace       used 6970K, committed 7168K, reserved 1114112K
  class space    used 877K, committed 960K, reserved 1048576K
}
Event: 1.330 GC heap after
{Heap after GC invocations=2 (full 0):
 garbage-first heap   total 260096K, used 11202K [0x0000000703a00000, 0x0000000800000000)
  region size 2048K, 1 young (2048K), 1 survivors (2048K)
 Metaspace       used 6970K, committed 7168K, reserved 1114112K
  class space    used 877K, committed 960K, reserved 1048576K
}
Event: 3.557 GC heap before
{Heap before GC invocations=2 (full 0):
 garbage-first heap   total 260096K, used 64450K [0x0000000703a00000, 0x0000000800000000)
  region size 2048K, 27 young (55296K), 1 survivors (2048K)
 Metaspace       used 16725K, committed 17024K, reserved 1114112K
  class space    used 2299K, committed 2432K, reserved 1048576K
}
Event: 3.563 GC heap after
{Heap after GC invocations=3 (full 0):
 garbage-first heap   total 260096K, used 13937K [0x0000000703a00000, 0x0000000800000000)
  region size 2048K, 3 young (6144K), 3 survivors (6144K)
 Metaspace       used 16725K, committed 17024K, reserved 1114112K
  class space    used 2299K, committed 2432K, reserved 1048576K
}
Event: 3.912 GC heap before
{Heap before GC invocations=3 (full 0):
 garbage-first heap   total 260096K, used 38513K [0x0000000703a00000, 0x0000000800000000)
  region size 2048K, 16 young (32768K), 3 survivors (6144K)
 Metaspace       used 21254K, committed 21504K, reserved 1114112K
  class space    used 2812K, committed 2944K, reserved 1048576K
}
Event: 3.918 GC heap after
{Heap after GC invocations=4 (full 0):
 garbage-first heap   total 260096K, used 15536K [0x0000000703a00000, 0x0000000800000000)
  region size 2048K, 3 young (6144K), 3 survivors (6144K)
 Metaspace       used 21254K, committed 21504K, reserved 1114112K
  class space    used 2812K, committed 2944K, reserved 1048576K
}
Event: 5.234 GC heap before
{Heap before GC invocations=5 (full 0):
 garbage-first heap   total 69632K, used 48304K [0x0000000703a00000, 0x0000000800000000)
  region size 2048K, 20 young (40960K), 3 survivors (6144K)
 Metaspace       used 25203K, committed 25536K, reserved 1114112K
  class space    used 3318K, committed 3520K, reserved 1048576K
}
Event: 5.241 GC heap after
{Heap after GC invocations=6 (full 0):
 garbage-first heap   total 69632K, used 17110K [0x0000000703a00000, 0x0000000800000000)
  region size 2048K, 2 young (4096K), 2 survivors (4096K)
 Metaspace       used 25203K, committed 25536K, reserved 1114112K
  class space    used 3318K, committed 3520K, reserved 1048576K
}
Event: 5.283 GC heap before
{Heap before GC invocations=6 (full 0):
 garbage-first heap   total 69632K, used 19158K [0x0000000703a00000, 0x0000000800000000)
  region size 2048K, 3 young (6144K), 2 survivors (4096K)
 Metaspace       used 25502K, committed 25792K, reserved 1114112K
  class space    used 3353K, committed 3520K, reserved 1048576K
}
Event: 5.290 GC heap after
{Heap after GC invocations=7 (full 0):
 garbage-first heap   total 69632K, used 17439K [0x0000000703a00000, 0x0000000800000000)
  region size 2048K, 1 young (2048K), 1 survivors (2048K)
 Metaspace       used 25502K, committed 25792K, reserved 1114112K
  class space    used 3353K, committed 3520K, reserved 1048576K
}
Event: 6.007 GC heap before
{Heap before GC invocations=7 (full 0):
 garbage-first heap   total 69632K, used 44063K [0x0000000703a00000, 0x0000000800000000)
  region size 2048K, 14 young (28672K), 1 survivors (2048K)
 Metaspace       used 28552K, committed 28992K, reserved 1114112K
  class space    used 3761K, committed 3968K, reserved 1048576K
}
Event: 6.016 GC heap after
{Heap after GC invocations=8 (full 0):
 garbage-first heap   total 69632K, used 18617K [0x0000000703a00000, 0x0000000800000000)
  region size 2048K, 1 young (2048K), 1 survivors (2048K)
 Metaspace       used 28552K, committed 28992K, reserved 1114112K
  class space    used 3761K, committed 3968K, reserved 1048576K
}
Event: 7.077 GC heap before
{Heap before GC invocations=9 (full 0):
 garbage-first heap   total 69632K, used 47289K [0x0000000703a00000, 0x0000000800000000)
  region size 2048K, 15 young (30720K), 1 survivors (2048K)
 Metaspace       used 34523K, committed 34816K, reserved 1114112K
  class space    used 4475K, committed 4608K, reserved 1048576K
}
Event: 7.092 GC heap after
{Heap after GC invocations=10 (full 0):
 garbage-first heap   total 69632K, used 21767K [0x0000000703a00000, 0x0000000800000000)
  region size 2048K, 2 young (4096K), 2 survivors (4096K)
 Metaspace       used 34523K, committed 34816K, reserved 1114112K
  class space    used 4475K, committed 4608K, reserved 1048576K
}
Event: 8.101 GC heap before
{Heap before GC invocations=10 (full 0):
 garbage-first heap   total 69632K, used 46343K [0x0000000703a00000, 0x0000000800000000)
  region size 2048K, 15 young (30720K), 2 survivors (4096K)
 Metaspace       used 40690K, committed 41088K, reserved 1114112K
  class space    used 5152K, committed 5376K, reserved 1048576K
}
Event: 8.116 GC heap after
{Heap after GC invocations=11 (full 0):
 garbage-first heap   total 69632K, used 24079K [0x0000000703a00000, 0x0000000800000000)
  region size 2048K, 2 young (4096K), 2 survivors (4096K)
 Metaspace       used 40690K, committed 41088K, reserved 1114112K
  class space    used 5152K, committed 5376K, reserved 1048576K
}
Event: 8.894 GC heap before
{Heap before GC invocations=11 (full 0):
 garbage-first heap   total 69632K, used 48655K [0x0000000703a00000, 0x0000000800000000)
  region size 2048K, 14 young (28672K), 2 survivors (4096K)
 Metaspace       used 43971K, committed 44352K, reserved 1114112K
  class space    used 5632K, committed 5824K, reserved 1048576K
}
Event: 8.907 GC heap after
{Heap after GC invocations=12 (full 0):
 garbage-first heap   total 102400K, used 25784K [0x0000000703a00000, 0x0000000800000000)
  region size 2048K, 2 young (4096K), 2 survivors (4096K)
 Metaspace       used 43971K, committed 44352K, reserved 1114112K
  class space    used 5632K, committed 5824K, reserved 1048576K
}
Event: 10.741 GC heap before
{Heap before GC invocations=12 (full 0):
 garbage-first heap   total 102400K, used 70840K [0x0000000703a00000, 0x0000000800000000)
  region size 2048K, 25 young (51200K), 2 survivors (4096K)
 Metaspace       used 48095K, committed 48448K, reserved 1114112K
  class space    used 6254K, committed 6400K, reserved 1048576K
}
Event: 10.762 GC heap after
{Heap after GC invocations=13 (full 0):
 garbage-first heap   total 102400K, used 29169K [0x0000000703a00000, 0x0000000800000000)
  region size 2048K, 4 young (8192K), 4 survivors (8192K)
 Metaspace       used 48095K, committed 48448K, reserved 1114112K
  class space    used 6254K, committed 6400K, reserved 1048576K
}

